Microsoft (R) Macro Assembler Version 14.22.27905.0	    07/31/19 15:02:31
AddSubPure.asm						     Page 1 - 1


				; this program adds and substracts 32-bit integers.

				.386
				.model flat, stdcall
				.stack 4096
				ExitProcess PROTO, dwExitCode: DWORD
				DumpRegs PROTO

 00000000			.code
 00000000			addSub PROC
 00000000  B8 00010000			mov eax, 10000h
 00000005  05 00040000			add eax, 40000h
 0000000A  2D 00020000			sub eax, 20000h
 0000000F  E8 00000000 E		call DumpRegs
					INVOKE ExitProcess, 0
 00000014  6A 00	   *	    push   +000000000h
 00000016  E8 00000000 E   *	    call   ExitProcess
 0000001B			addSub ENDP
				END addSub
Microsoft (R) Macro Assembler Version 14.22.27905.0	    07/31/19 15:02:31
AddSubPure.asm						     Symbols 2 - 1




Segments and Groups:

                N a m e                 Size     Length   Align   Combine Class

FLAT . . . . . . . . . . . . . .	GROUP
STACK  . . . . . . . . . . . . .	32 Bit	 00001000 DWord	  Stack	  'STACK'	 
_DATA  . . . . . . . . . . . . .	32 Bit	 00000000 DWord	  Public  'DATA'	
_TEXT  . . . . . . . . . . . . .	32 Bit	 0000001B DWord	  Public  'CODE'	


Procedures, parameters, and locals:

                N a m e                 Type     Value    Attr

DumpRegs . . . . . . . . . . . .	P Near	 00000000 FLAT	Length= 00000000 External STDCALL
ExitProcess  . . . . . . . . . .	P Near	 00000000 FLAT	Length= 00000000 External STDCALL
addSub . . . . . . . . . . . . .	P Near	 00000000 _TEXT	Length= 0000001B Public STDCALL


Symbols:

                N a m e                 Type     Value    Attr

@CodeSize  . . . . . . . . . . .	Number	 00000000h   
@DataSize  . . . . . . . . . . .	Number	 00000000h   
@Interface . . . . . . . . . . .	Number	 00000003h   
@Model . . . . . . . . . . . . .	Number	 00000007h   
@code  . . . . . . . . . . . . .	Text   	 _TEXT
@data  . . . . . . . . . . . . .	Text   	 FLAT
@fardata?  . . . . . . . . . . .	Text   	 FLAT
@fardata . . . . . . . . . . . .	Text   	 FLAT
@stack . . . . . . . . . . . . .	Text   	 FLAT

	   0 Warnings
	   0 Errors
